::1 - - [29/May/2023:14:35:32 +0200] "GET / HTTP/1.1" 200 203
::1 - - [29/May/2023:14:35:35 +0200] "GET /igniter/ HTTP/1.1" 200 76631
::1 - - [29/May/2023:14:35:35 +0200] "GET /igniter/assets/js/jquery-3.5.1.min.js HTTP/1.1" 200 89476
::1 - - [29/May/2023:14:35:35 +0200] "GET /igniter/assets/css/style.css HTTP/1.1" 200 5150
::1 - - [29/May/2023:14:35:35 +0200] "GET /assets/js/myscripts.js HTTP/1.1" 404 196
::1 - - [29/May/2023:14:35:35 +0200] "GET /igniter/assets/img/x.svg HTTP/1.1" 200 352
::1 - - [29/May/2023:14:35:38 +0200] "GET /igniter/index.php/prijava/izpis HTTP/1.1" 200 5155
::1 - - [29/May/2023:14:35:38 +0200] "GET /assets/js/myscripts.js HTTP/1.1" 404 196
::1 - - [29/May/2023:14:37:16 +0200] "POST /igniter/index.php/prijava/prijava-submit HTTP/1.1" 303 -
::1 - - [29/May/2023:14:37:16 +0200] "GET /igniter/index.php HTTP/1.1" 200 76631
::1 - - [29/May/2023:14:37:16 +0200] "GET /assets/js/myscripts.js HTTP/1.1" 404 196
::1 - - [29/May/2023:14:37:35 +0200] "POST /igniter/index.php/dejavnost/iskanjeDogodkov HTTP/1.1" 200 16100
::1 - - [29/May/2023:14:37:35 +0200] "GET /assets/js/myscripts.js HTTP/1.1" 404 196
::1 - - [29/May/2023:14:37:40 +0200] "POST /igniter/index.php/dejavnost/iskanjeDogodkov HTTP/1.1" 200 9626
::1 - - [29/May/2023:14:37:40 +0200] "GET /assets/js/myscripts.js HTTP/1.1" 404 196
::1 - - [29/May/2023:14:37:42 +0200] "POST /igniter/index.php/dejavnost/iskanjeDogodkov HTTP/1.1" 200 11530
::1 - - [29/May/2023:14:37:43 +0200] "GET /assets/js/myscripts.js HTTP/1.1" 404 196
::1 - - [29/May/2023:14:37:48 +0200] "POST /igniter/index.php/dejavnost/iskanjeDogodkov HTTP/1.1" 200 68153
::1 - - [29/May/2023:14:37:49 +0200] "GET /assets/js/myscripts.js HTTP/1.1" 404 196
::1 - - [29/May/2023:14:38:02 +0200] "GET /igniter/index.php/prijava/izpis HTTP/1.1" 200 5155
::1 - - [29/May/2023:14:38:02 +0200] "GET /assets/js/myscripts.js HTTP/1.1" 404 196
::1 - - [29/May/2023:14:38:20 +0200] "POST /igniter/index.php/prijava/prijava-submit HTTP/1.1" 303 -
::1 - - [29/May/2023:14:38:20 +0200] "GET /igniter/index.php HTTP/1.1" 200 11637
::1 - - [29/May/2023:14:38:20 +0200] "GET /assets/js/myscripts.js HTTP/1.1" 404 196
::1 - - [29/May/2023:14:38:32 +0200] "GET /igniter/index.php/dejavnost/mojeDejavnostiDijak HTTP/1.1" 200 8512
::1 - - [29/May/2023:14:38:32 +0200] "GET /assets/js/myscripts.js HTTP/1.1" 404 196
::1 - - [29/May/2023:14:38:41 +0200] "GET /igniter/index.php/dejavnost/prijavaNaDejavnost HTTP/1.1" 200 7439
::1 - - [29/May/2023:14:38:41 +0200] "GET /assets/js/myscripts.js HTTP/1.1" 404 196
::1 - - [29/May/2023:14:38:44 +0200] "GET /igniter/index.php/dejavnost/zakljuceneDejavnostiDijak HTTP/1.1" 200 8012
::1 - - [29/May/2023:14:38:44 +0200] "GET /assets/js/myscripts.js HTTP/1.1" 404 196
::1 - - [29/May/2023:14:38:57 +0200] "GET /phpmyadmin HTTP/1.1" 301 236
::1 - - [29/May/2023:14:38:58 +0200] "GET /phpmyadmin/ HTTP/1.1" 200 3568
::1 - - [29/May/2023:14:38:58 +0200] "GET /phpmyadmin/themes/pmahomme/jquery/jquery-ui.css HTTP/1.1" 200 36566
::1 - - [29/May/2023:14:38:58 +0200] "GET /phpmyadmin/js/vendor/codemirror/lib/codemirror.css?v=5.0.1 HTTP/1.1" 200 8705
::1 - - [29/May/2023:14:38:58 +0200] "GET /phpmyadmin/js/vendor/codemirror/addon/hint/show-hint.css?v=5.0.1 HTTP/1.1" 200 623
::1 - - [29/May/2023:14:38:58 +0200] "GET /phpmyadmin/js/vendor/jquery/jquery-migrate.js?v=5.0.1 HTTP/1.1" 200 19092
::1 - - [29/May/2023:14:38:58 +0200] "GET /phpmyadmin/js/vendor/jquery/jquery.min.js?v=5.0.1 HTTP/1.1" 200 88145
::1 - - [29/May/2023:14:38:58 +0200] "GET /phpmyadmin/themes/pmahomme/css/theme.css?v=5.0.1&nocache=444848548ltr&server=1 HTTP/1.1" 200 100397
::1 - - [29/May/2023:14:38:58 +0200] "GET /phpmyadmin/js/vendor/codemirror/addon/lint/lint.css?v=5.0.1 HTTP/1.1" 200 2999
::1 - - [29/May/2023:14:38:58 +0200] "GET /phpmyadmin/js/vendor/sprintf.js?v=5.0.1 HTTP/1.1" 200 7387
::1 - - [29/May/2023:14:38:58 +0200] "GET /phpmyadmin/js/ajax.js?v=5.0.1 HTTP/1.1" 200 36644
::1 - - [29/May/2023:14:38:58 +0200] "GET /phpmyadmin/js/keyhandler.js?v=5.0.1 HTTP/1.1" 200 3337
::1 - - [29/May/2023:14:38:58 +0200] "GET /phpmyadmin/js/vendor/bootstrap/bootstrap.bundle.min.js?v=5.0.1 HTTP/1.1" 200 78635
::1 - - [29/May/2023:14:38:58 +0200] "GET /phpmyadmin/js/vendor/jquery/jquery-ui.min.js?v=5.0.1 HTTP/1.1" 200 253681
::1 - - [29/May/2023:14:38:58 +0200] "GET /phpmyadmin/js/vendor/js.cookie.js?v=5.0.1 HTTP/1.1" 200 3883
::1 - - [29/May/2023:14:38:58 +0200] "GET /phpmyadmin/js/vendor/jquery/jquery.mousewheel.js?v=5.0.1 HTTP/1.1" 200 8267
::1 - - [29/May/2023:14:38:58 +0200] "GET /phpmyadmin/js/vendor/jquery/jquery.event.drag-2.2.js?v=5.0.1 HTTP/1.1" 200 12826
::1 - - [29/May/2023:14:38:58 +0200] "GET /phpmyadmin/js/vendor/jquery/jquery.validate.js?v=5.0.1 HTTP/1.1" 200 50690
::1 - - [29/May/2023:14:38:58 +0200] "GET /phpmyadmin/js/vendor/jquery/jquery-ui-timepicker-addon.js?v=5.0.1 HTTP/1.1" 200 78475
::1 - - [29/May/2023:14:38:58 +0200] "GET /phpmyadmin/js/vendor/jquery/jquery.ba-hashchange-1.3.js?v=5.0.1 HTTP/1.1" 200 16522
::1 - - [29/May/2023:14:38:58 +0200] "GET /phpmyadmin/js/vendor/jquery/jquery.debounce-1.0.5.js?v=5.0.1 HTTP/1.1" 200 1169
::1 - - [29/May/2023:14:38:58 +0200] "GET /phpmyadmin/js/menu_resizer.js?v=5.0.1 HTTP/1.1" 200 8276
::1 - - [29/May/2023:14:38:58 +0200] "GET /phpmyadmin/js/cross_framing_protection.js?v=5.0.1 HTTP/1.1" 200 465
::1 - - [29/May/2023:14:38:58 +0200] "GET /phpmyadmin/js/rte.js?v=5.0.1 HTTP/1.1" 200 47818
::1 - - [29/May/2023:14:38:58 +0200] "GET /phpmyadmin/js/error_report.js?v=5.0.1 HTTP/1.1" 200 10858
::1 - - [29/May/2023:14:38:58 +0200] "GET /phpmyadmin/js/vendor/tracekit.js?v=5.0.1 HTTP/1.1" 200 45389
::1 - - [29/May/2023:14:38:58 +0200] "GET /phpmyadmin/js/config.js?v=5.0.1 HTTP/1.1" 200 27402
::1 - - [29/May/2023:14:38:58 +0200] "GET /phpmyadmin/js/doclinks.js?v=5.0.1 HTTP/1.1" 200 18970
::1 - - [29/May/2023:14:38:58 +0200] "GET /phpmyadmin/js/functions.js?v=5.0.1 HTTP/1.1" 200 177699
::1 - - [29/May/2023:14:38:58 +0200] "GET /phpmyadmin/js/navigation.js?v=5.0.1 HTTP/1.1" 200 62743
::1 - - [29/May/2023:14:38:58 +0200] "GET /phpmyadmin/js/common.js?v=5.0.1 HTTP/1.1" 200 4662
::1 - - [29/May/2023:14:38:58 +0200] "GET /phpmyadmin/js/indexes.js?v=5.0.1 HTTP/1.1" 200 29379
::1 - - [29/May/2023:14:38:58 +0200] "GET /phpmyadmin/js/drag_drop_import.js?v=5.0.1 HTTP/1.1" 200 14528
::1 - - [29/May/2023:14:38:58 +0200] "GET /phpmyadmin/js/page_settings.js?v=5.0.1 HTTP/1.1" 200 1746
::1 - - [29/May/2023:14:38:58 +0200] "GET /phpmyadmin/js/shortcuts_handler.js?v=5.0.1 HTTP/1.1" 200 3379
::1 - - [29/May/2023:14:38:58 +0200] "GET /phpmyadmin/js/vendor/codemirror/lib/codemirror.js?v=5.0.1 HTTP/1.1" 200 395660
::1 - - [29/May/2023:14:38:58 +0200] "GET /phpmyadmin/js/vendor/codemirror/mode/sql/sql.js?v=5.0.1 HTTP/1.1" 200 47451
::1 - - [29/May/2023:14:38:58 +0200] "GET /phpmyadmin/js/vendor/codemirror/addon/runmode/runmode.js?v=5.0.1 HTTP/1.1" 200 2500
::1 - - [29/May/2023:14:38:58 +0200] "GET /phpmyadmin/js/vendor/codemirror/addon/hint/show-hint.js?v=5.0.1 HTTP/1.1" 200 17378
::1 - - [29/May/2023:14:38:58 +0200] "GET /phpmyadmin/js/vendor/codemirror/addon/hint/sql-hint.js?v=5.0.1 HTTP/1.1" 200 9599
::1 - - [29/May/2023:14:38:58 +0200] "GET /phpmyadmin/js/console.js?v=5.0.1 HTTP/1.1" 200 57024
::1 - - [29/May/2023:14:38:58 +0200] "GET /phpmyadmin/js/codemirror/addon/lint/sql-lint.js?v=5.0.1 HTTP/1.1" 200 1156
::1 - - [29/May/2023:14:38:58 +0200] "GET /phpmyadmin/js/vendor/codemirror/addon/lint/lint.js?v=5.0.1 HTTP/1.1" 200 8610
::1 - - [29/May/2023:14:38:58 +0200] "GET /phpmyadmin/js/whitelist.php?v=5.0.1 HTTP/1.1" 200 478
::1 - - [29/May/2023:14:38:58 +0200] "GET /phpmyadmin/themes/pmahomme/img/logo_right.png HTTP/1.1" 200 4306
::1 - - [29/May/2023:14:38:58 +0200] "GET /phpmyadmin/js/messages.php?l=en&v=5.0.1 HTTP/1.1" 200 8847
::1 - - [29/May/2023:14:38:58 +0200] "GET /phpmyadmin/themes/dot.gif HTTP/1.1" 200 43
::1 - - [29/May/2023:14:38:58 +0200] "GET /phpmyadmin/themes/pmahomme/css/printview.css?v=5.0.1 HTTP/1.1" 200 1455
::1 - - [29/May/2023:14:38:58 +0200] "GET /phpmyadmin/themes/pmahomme/img/s_error.png HTTP/1.1" 200 614
::1 - - [29/May/2023:14:38:58 +0200] "GET /phpmyadmin/themes/pmahomme/img/b_help.png HTTP/1.1" 200 705
::1 - - [29/May/2023:14:38:59 +0200] "POST /phpmyadmin/index.php HTTP/1.1" 302 20
::1 - - [29/May/2023:14:38:59 +0200] "GET /phpmyadmin/index.php HTTP/1.1" 200 13448
::1 - - [29/May/2023:14:39:00 +0200] "GET /phpmyadmin/themes/pmahomme/css/theme.css?v=5.0.1&nocache=2130212488ltr&server=1 HTTP/1.1" 200 100397
::1 - - [29/May/2023:14:39:00 +0200] "GET /phpmyadmin/themes/pmahomme/img/logo_left.png HTTP/1.1" 200 2713
::1 - - [29/May/2023:14:39:00 +0200] "GET /phpmyadmin/themes/pmahomme/img/left_nav_bg.png HTTP/1.1" 200 146
::1 - - [29/May/2023:14:39:00 +0200] "GET /phpmyadmin/themes/pmahomme/img/b_home.png HTTP/1.1" 200 734
::1 - - [29/May/2023:14:39:00 +0200] "GET /phpmyadmin/themes/pmahomme/img/b_docs.png HTTP/1.1" 200 705
::1 - - [29/May/2023:14:39:00 +0200] "GET /phpmyadmin/themes/pmahomme/img/s_loggoff.png HTTP/1.1" 200 626
::1 - - [29/May/2023:14:39:00 +0200] "GET /phpmyadmin/themes/pmahomme/img/s_cog.png HTTP/1.1" 200 442
::1 - - [29/May/2023:14:39:00 +0200] "GET /phpmyadmin/themes/pmahomme/img/b_sqlhelp.png HTTP/1.1" 200 512
::1 - - [29/May/2023:14:39:00 +0200] "GET /phpmyadmin/themes/pmahomme/img/s_reload.png HTTP/1.1" 200 527
::1 - - [29/May/2023:14:39:00 +0200] "GET /phpmyadmin/themes/pmahomme/img/s_link.png HTTP/1.1" 200 280
::1 - - [29/May/2023:14:39:00 +0200] "GET /phpmyadmin/themes/pmahomme/img/b_plus.png HTTP/1.1" 200 143
::1 - - [29/May/2023:14:39:00 +0200] "GET /phpmyadmin/themes/pmahomme/img/b_newdb.png HTTP/1.1" 200 585
::1 - - [29/May/2023:14:39:00 +0200] "GET /phpmyadmin/themes/pmahomme/img/s_db.png HTTP/1.1" 200 328
::1 - - [29/May/2023:14:39:00 +0200] "GET /phpmyadmin/themes/pmahomme/img/s_host.png HTTP/1.1" 200 591
::1 - - [29/May/2023:14:39:00 +0200] "GET /phpmyadmin/themes/pmahomme/img/b_sql.png HTTP/1.1" 200 680
::1 - - [29/May/2023:14:39:00 +0200] "GET /phpmyadmin/themes/pmahomme/img/s_status.png HTTP/1.1" 200 600
::1 - - [29/May/2023:14:39:00 +0200] "GET /phpmyadmin/themes/pmahomme/img/b_export.png HTTP/1.1" 200 514
::1 - - [29/May/2023:14:39:00 +0200] "GET /phpmyadmin/themes/pmahomme/img/s_rights.png HTTP/1.1" 200 461
::1 - - [29/May/2023:14:39:00 +0200] "GET /phpmyadmin/themes/pmahomme/img/b_import.png HTTP/1.1" 200 556
::1 - - [29/May/2023:14:39:00 +0200] "GET /phpmyadmin/themes/pmahomme/img/b_tblops.png HTTP/1.1" 200 537
::1 - - [29/May/2023:14:39:00 +0200] "GET /phpmyadmin/themes/pmahomme/img/s_replication.png HTTP/1.1" 200 399
::1 - - [29/May/2023:14:39:00 +0200] "GET /phpmyadmin/themes/pmahomme/img/s_vars.png HTTP/1.1" 200 523
::1 - - [29/May/2023:14:39:00 +0200] "GET /phpmyadmin/themes/pmahomme/img/s_asci.png HTTP/1.1" 200 148
::1 - - [29/May/2023:14:39:00 +0200] "GET /phpmyadmin/themes/pmahomme/img/b_engine.png HTTP/1.1" 200 398
::1 - - [29/May/2023:14:39:00 +0200] "GET /phpmyadmin/themes/pmahomme/img/s_top.png HTTP/1.1" 200 220
::1 - - [29/May/2023:14:39:00 +0200] "GET /phpmyadmin/themes/pmahomme/img/b_plugin.png HTTP/1.1" 200 512
::1 - - [29/May/2023:14:39:00 +0200] "GET /phpmyadmin/themes/pmahomme/img/console.png HTTP/1.1" 200 292
::1 - - [29/May/2023:14:39:00 +0200] "GET /phpmyadmin/themes/pmahomme/img/s_passwd.png HTTP/1.1" 200 331
::1 - - [29/May/2023:14:39:00 +0200] "GET /phpmyadmin/themes/pmahomme/img/s_lang.png HTTP/1.1" 200 659
::1 - - [29/May/2023:14:39:00 +0200] "GET /phpmyadmin/themes/pmahomme/img/s_theme.png HTTP/1.1" 200 772
::1 - - [29/May/2023:14:39:00 +0200] "GET /phpmyadmin/themes/pmahomme/img/s_notice.png HTTP/1.1" 200 567
::1 - - [29/May/2023:14:39:00 +0200] "GET /phpmyadmin/themes/pmahomme/img/window-new.png HTTP/1.1" 200 468
::1 - - [29/May/2023:14:39:00 +0200] "POST /phpmyadmin/ajax.php HTTP/1.1" 200 1415
::1 - - [29/May/2023:14:39:00 +0200] "GET /phpmyadmin/themes/pmahomme/img/b_more.png HTTP/1.1" 200 111
::1 - - [29/May/2023:14:39:00 +0200] "POST /phpmyadmin/navigation.php?ajax_request=1 HTTP/1.1" 200 2170
::1 - - [29/May/2023:14:39:00 +0200] "POST /phpmyadmin/ajax.php HTTP/1.1" 200 1509
::1 - - [29/May/2023:14:39:00 +0200] "POST /phpmyadmin/ajax.php HTTP/1.1" 200 1406
::1 - - [29/May/2023:14:39:00 +0200] "POST /phpmyadmin/version_check.php HTTP/1.1" 200 28
::1 - - [29/May/2023:14:39:04 +0200] "GET /igniter/index.php/prijava/izpis HTTP/1.1" 200 5155
::1 - - [29/May/2023:14:39:04 +0200] "GET /assets/js/myscripts.js HTTP/1.1" 404 196
::1 - - [29/May/2023:14:39:15 +0200] "POST /igniter/index.php/prijava/prijava-submit HTTP/1.1" 200 5280
::1 - - [29/May/2023:14:39:15 +0200] "GET /assets/js/myscripts.js HTTP/1.1" 404 196
::1 - - [29/May/2023:14:39:19 +0200] "POST /igniter/index.php/prijava/prijava-submit HTTP/1.1" 303 -
::1 - - [29/May/2023:14:39:19 +0200] "GET /igniter/index.php HTTP/1.1" 200 60128
::1 - - [29/May/2023:14:39:19 +0200] "GET /assets/js/myscripts.js HTTP/1.1" 404 196
::1 - - [29/May/2023:14:39:23 +0200] "GET /igniter/index.php/dejavnost/mojeDejavnosti HTTP/1.1" 200 12241
::1 - - [29/May/2023:14:39:23 +0200] "GET /assets/js/myscripts.js HTTP/1.1" 404 196
::1 - - [29/May/2023:14:39:33 +0200] "POST /igniter/index.php/dejavnost/prosnjeDijakov HTTP/1.1" 200 7548
::1 - - [29/May/2023:14:39:33 +0200] "GET /assets/js/myscripts.js HTTP/1.1" 404 196
::1 - - [29/May/2023:14:39:41 +0200] "GET /igniter/index.php/dejavnost/mojeDejavnosti HTTP/1.1" 200 12241
::1 - - [29/May/2023:14:39:48 +0200] "POST /igniter/index.php/dejavnost/izbrisPrijaveProfesor HTTP/1.1" 200 7903
::1 - - [29/May/2023:14:39:48 +0200] "GET /assets/js/myscripts.js HTTP/1.1" 404 196
::1 - - [29/May/2023:14:39:55 +0200] "POST /igniter/index.php/dejavnost/izbrisiRelacijo HTTP/1.1" 303 -
::1 - - [29/May/2023:14:39:55 +0200] "GET /igniter/index.php/dejavnost/izbrisPrijaveProfesor HTTP/1.1" 200 7569
::1 - - [29/May/2023:14:39:55 +0200] "GET /assets/js/myscripts.js HTTP/1.1" 404 196
::1 - - [29/May/2023:14:39:57 +0200] "GET /igniter/index.php/dejavnost/mojeDejavnosti HTTP/1.1" 200 12241
::1 - - [29/May/2023:14:39:57 +0200] "GET /assets/js/myscripts.js HTTP/1.1" 404 196
::1 - - [29/May/2023:14:39:59 +0200] "POST /igniter/index.php/dejavnost/prikaziPrijavljene HTTP/1.1" 200 7453
::1 - - [29/May/2023:14:39:59 +0200] "GET /assets/js/myscripts.js HTTP/1.1" 404 196
::1 - - [29/May/2023:14:40:02 +0200] "GET /igniter/index.php/dejavnost/mojeDejavnosti HTTP/1.1" 200 12241
::1 - - [29/May/2023:14:40:02 +0200] "GET /assets/js/myscripts.js HTTP/1.1" 404 196
::1 - - [29/May/2023:14:40:04 +0200] "POST /igniter/index.php/dejavnost/prikaziPrijavljene HTTP/1.1" 200 12525
::1 - - [29/May/2023:14:40:04 +0200] "GET /assets/js/myscripts.js HTTP/1.1" 404 196
::1 - - [29/May/2023:14:40:11 +0200] "GET /igniter/index.php/dejavnost/mojeDejavnosti HTTP/1.1" 200 12241
::1 - - [29/May/2023:14:40:11 +0200] "GET /assets/js/myscripts.js HTTP/1.1" 404 196
::1 - - [29/May/2023:14:40:13 +0200] "POST /igniter/index.php/dejavnost/rocnaPrijavaDijaki HTTP/1.1" 200 9296
::1 - - [29/May/2023:14:40:13 +0200] "GET /assets/js/myscripts.js HTTP/1.1" 404 196
::1 - - [29/May/2023:14:40:34 +0200] "GET /igniter/index.php/dejavnost/zakljuceneDejavnostiProfesor HTTP/1.1" 200 9017
::1 - - [29/May/2023:14:40:34 +0200] "GET /assets/js/myscripts.js HTTP/1.1" 404 196
::1 - - [29/May/2023:14:40:37 +0200] "GET /igniter/index.php/dejavnost/mojeDejavnosti HTTP/1.1" 200 12241
::1 - - [29/May/2023:14:40:37 +0200] "GET /assets/js/myscripts.js HTTP/1.1" 404 196
::1 - - [29/May/2023:14:40:39 +0200] "POST /igniter/index.php/dejavnost/spreminjanjeDejavnosti HTTP/1.1" 200 10858
::1 - - [29/May/2023:14:40:39 +0200] "GET /assets/js/myscripts.js HTTP/1.1" 404 196
::1 - - [29/May/2023:14:40:44 +0200] "GET /igniter/index.php/dejavnost/zakljuceneDejavnostiProfesor HTTP/1.1" 200 9017
::1 - - [29/May/2023:14:40:44 +0200] "GET /assets/js/myscripts.js HTTP/1.1" 404 196
::1 - - [29/May/2023:14:40:46 +0200] "POST /igniter/index.php/dejavnost/prikaziPrijavljene HTTP/1.1" 200 8383
::1 - - [29/May/2023:14:40:47 +0200] "GET /assets/js/myscripts.js HTTP/1.1" 404 196
::1 - - [29/May/2023:14:40:51 +0200] "GET /igniter/index.php/dejavnost/zakljuceneDejavnostiProfesor HTTP/1.1" 200 9017
::1 - - [29/May/2023:14:40:54 +0200] "GET /igniter/index.php/dejavnost/ustvari HTTP/1.1" 200 16140
::1 - - [29/May/2023:14:40:54 +0200] "GET /assets/js/myscripts.js HTTP/1.1" 404 196
::1 - - [29/May/2023:14:41:10 +0200] "POST /igniter/index.php/dejavnost/ustvari-submit HTTP/1.1" 200 16401
::1 - - [29/May/2023:14:41:10 +0200] "GET /assets/js/myscripts.js HTTP/1.1" 404 196
::1 - - [29/May/2023:14:41:28 +0200] "POST /igniter/index.php/dejavnost/ustvari-submit HTTP/1.1" 200 16381
::1 - - [29/May/2023:14:41:28 +0200] "GET /assets/js/myscripts.js HTTP/1.1" 404 196
::1 - - [29/May/2023:14:41:39 +0200] "POST /igniter/index.php/dejavnost/ustvari-submit HTTP/1.1" 200 16395
::1 - - [29/May/2023:14:41:39 +0200] "GET /assets/js/myscripts.js HTTP/1.1" 404 196
::1 - - [29/May/2023:14:41:52 +0200] "POST /igniter/index.php/dejavnost/fetch_programe HTTP/1.1" 200 130
::1 - - [29/May/2023:14:41:59 +0200] "POST /igniter/index.php/dejavnost/fetch_letnike HTTP/1.1" 200 128
::1 - - [29/May/2023:14:42:04 +0200] "POST /igniter/index.php/dejavnost/fetch_oddelke HTTP/1.1" 200 56
::1 - - [29/May/2023:14:42:08 +0200] "POST /igniter/index.php/dejavnost/ustvari-submit HTTP/1.1" 200 16220
::1 - - [29/May/2023:14:42:08 +0200] "GET /assets/js/myscripts.js HTTP/1.1" 404 196
127.0.0.1 - - [29/May/2023:14:42:12 +0200] "GET /wpad.dat HTTP/1.1" 404 196
::1 - - [29/May/2023:14:42:27 +0200] "GET /igniter/index.php/prijava/profil HTTP/1.1" 200 10537
::1 - - [29/May/2023:14:42:27 +0200] "GET /assets/js/myscripts.js HTTP/1.1" 404 196
::1 - - [29/May/2023:14:42:32 +0200] "GET /igniter/index.php/prijava/izpis HTTP/1.1" 200 5155
::1 - - [29/May/2023:14:42:32 +0200] "GET /assets/js/myscripts.js HTTP/1.1" 404 196
::1 - - [29/May/2023:14:42:43 +0200] "POST /igniter/index.php/prijava/prijava-submit HTTP/1.1" 303 -
::1 - - [29/May/2023:14:42:43 +0200] "GET /igniter/index.php HTTP/1.1" 200 74621
::1 - - [29/May/2023:14:42:43 +0200] "GET /assets/js/myscripts.js HTTP/1.1" 404 196
::1 - - [29/May/2023:14:42:51 +0200] "GET /igniter/index.php/prijava/dodajanje-dijak HTTP/1.1" 200 13385
::1 - - [29/May/2023:14:42:52 +0200] "GET /assets/js/myscripts.js HTTP/1.1" 404 196
::1 - - [29/May/2023:14:42:58 +0200] "GET /igniter/index.php/prijava/dodajanje-profesor HTTP/1.1" 200 10966
::1 - - [29/May/2023:14:42:58 +0200] "GET /assets/js/myscripts.js HTTP/1.1" 404 196
::1 - - [29/May/2023:14:43:10 +0200] "GET /igniter/index.php/prijava/urejanjeUporabnikov HTTP/1.1" 200 148595
::1 - - [29/May/2023:14:43:10 +0200] "GET /assets/js/myscripts.js HTTP/1.1" 404 196
::1 - - [29/May/2023:14:43:19 +0200] "POST /igniter/index.php/prijava/iskanjeUporabnikov HTTP/1.1" 200 125130
::1 - - [29/May/2023:14:43:19 +0200] "GET /assets/js/myscripts.js HTTP/1.1" 404 196
::1 - - [29/May/2023:14:43:27 +0200] "GET /igniter/index.php HTTP/1.1" 200 74621
::1 - - [29/May/2023:14:43:27 +0200] "GET /assets/js/myscripts.js HTTP/1.1" 404 196
::1 - - [29/May/2023:14:43:57 +0200] "GET /igniter/index.php/prijava/izpis HTTP/1.1" 200 5155
::1 - - [29/May/2023:14:43:57 +0200] "GET /assets/js/myscripts.js HTTP/1.1" 404 196
::1 - - [29/May/2023:14:44:00 +0200] "POST /igniter/index.php/prijava/prijava-submit HTTP/1.1" 303 -
::1 - - [29/May/2023:14:44:00 +0200] "GET /igniter/index.php HTTP/1.1" 200 10217
::1 - - [29/May/2023:14:44:00 +0200] "GET /assets/js/myscripts.js HTTP/1.1" 404 196
::1 - - [29/May/2023:14:44:03 +0200] "GET /igniter/index.php/dejavnost/mojeDejavnostiDijak HTTP/1.1" 200 7996
::1 - - [29/May/2023:14:44:03 +0200] "GET /assets/js/myscripts.js HTTP/1.1" 404 196
::1 - - [29/May/2023:14:44:06 +0200] "GET /igniter/index.php/dejavnost/prijavaNaDejavnost HTTP/1.1" 200 8094
::1 - - [29/May/2023:14:44:06 +0200] "GET /assets/js/myscripts.js HTTP/1.1" 404 196
::1 - - [29/May/2023:14:44:45 +0200] "GET /igniter/index.php/dejavnost/prijavaNaDejavnost HTTP/1.1" 200 8094
::1 - - [29/May/2023:14:44:45 +0200] "GET /assets/js/myscripts.js HTTP/1.1" 404 196
::1 - - [29/May/2023:14:44:47 +0200] "POST /igniter/index.php/dejavnost/prijavaNaDejavnost-submit HTTP/1.1" 303 -
::1 - - [29/May/2023:14:44:47 +0200] "GET /igniter/index.php/dejavnost/prijavaNaDejavnost HTTP/1.1" 200 7566
::1 - - [29/May/2023:14:44:47 +0200] "GET /assets/js/myscripts.js HTTP/1.1" 404 196
::1 - - [29/May/2023:14:44:51 +0200] "GET /igniter/index.php/prijava/izpis HTTP/1.1" 200 5155
::1 - - [29/May/2023:14:44:51 +0200] "GET /assets/js/myscripts.js HTTP/1.1" 404 196
::1 - - [29/May/2023:14:44:53 +0200] "POST /igniter/index.php/prijava/prijava-submit HTTP/1.1" 303 -
::1 - - [29/May/2023:14:44:53 +0200] "GET /igniter/index.php HTTP/1.1" 200 76723
::1 - - [29/May/2023:14:44:53 +0200] "GET /assets/js/myscripts.js HTTP/1.1" 404 196
::1 - - [29/May/2023:14:44:59 +0200] "GET /igniter/index.php/dejavnost/vseDejavnosti HTTP/1.1" 200 16569
::1 - - [29/May/2023:14:44:59 +0200] "GET /assets/js/myscripts.js HTTP/1.1" 404 196
::1 - - [29/May/2023:14:45:02 +0200] "POST /igniter/index.php/dejavnost/prosnjeDijakov HTTP/1.1" 200 8782
::1 - - [29/May/2023:14:45:03 +0200] "GET /assets/js/myscripts.js HTTP/1.1" 404 196
::1 - - [29/May/2023:14:45:09 +0200] "GET /igniter/index.php HTTP/1.1" 200 76723
::1 - - [29/May/2023:14:45:09 +0200] "GET /assets/js/myscripts.js HTTP/1.1" 404 196
127.0.0.1 - - [29/May/2023:14:45:57 +0200] "GET /wpad.dat HTTP/1.1" 404 196
127.0.0.1 - - [29/May/2023:14:45:57 +0200] "GET /wpad.dat HTTP/1.1" 404 196
127.0.0.1 - - [29/May/2023:14:46:05 +0200] "GET /wpad.dat HTTP/1.1" 404 196
127.0.0.1 - - [29/May/2023:14:46:05 +0200] "GET /wpad.dat HTTP/1.1" 404 196
::1 - - [29/May/2023:14:48:36 +0200] "GET /phpmyadmin/themes/pmahomme/img/ajax_clock_small.gif HTTP/1.1" 200 1810
::1 - - [29/May/2023:14:48:36 +0200] "GET /phpmyadmin/db_structure.php?server=1&db=mydb&ajax_request=true&ajax_page_request=true&_nocache=1685364516925236830&token=6c21746c6d545a5e7f73362a752b246b HTTP/1.1" 200 6256
::1 - - [29/May/2023:14:48:37 +0200] "GET /phpmyadmin/themes/pmahomme/img/b_props.png HTTP/1.1" 200 573
::1 - - [29/May/2023:14:48:37 +0200] "GET /phpmyadmin/themes/pmahomme/img/b_search.png HTTP/1.1" 200 538
::1 - - [29/May/2023:14:48:37 +0200] "GET /phpmyadmin/themes/pmahomme/img/b_routines.png HTTP/1.1" 200 306
::1 - - [29/May/2023:14:48:37 +0200] "GET /phpmyadmin/themes/pmahomme/img/b_events.png HTTP/1.1" 200 703
::1 - - [29/May/2023:14:48:37 +0200] "GET /phpmyadmin/themes/pmahomme/img/b_triggers.png HTTP/1.1" 200 446
::1 - - [29/May/2023:14:48:37 +0200] "GET /phpmyadmin/themes/pmahomme/img/b_relations.png HTTP/1.1" 200 140
::1 - - [29/May/2023:14:48:37 +0200] "GET /phpmyadmin/themes/pmahomme/img/b_no_favorite.png HTTP/1.1" 200 377
::1 - - [29/May/2023:14:48:37 +0200] "GET /phpmyadmin/themes/pmahomme/img/s_asc.png HTTP/1.1" 200 146
::1 - - [29/May/2023:14:48:37 +0200] "GET /phpmyadmin/themes/pmahomme/img/b_browse.png HTTP/1.1" 200 486
::1 - - [29/May/2023:14:48:37 +0200] "GET /phpmyadmin/themes/pmahomme/img/b_insrow.png HTTP/1.1" 200 157
::1 - - [29/May/2023:14:48:37 +0200] "GET /phpmyadmin/themes/pmahomme/img/b_select.png HTTP/1.1" 200 593
::1 - - [29/May/2023:14:48:37 +0200] "GET /phpmyadmin/themes/pmahomme/img/b_empty.png HTTP/1.1" 200 521
::1 - - [29/May/2023:14:48:37 +0200] "GET /phpmyadmin/themes/pmahomme/img/b_drop.png HTTP/1.1" 200 637
::1 - - [29/May/2023:14:48:37 +0200] "GET /phpmyadmin/themes/pmahomme/img/b_print.png HTTP/1.1" 200 639
::1 - - [29/May/2023:14:48:37 +0200] "GET /phpmyadmin/themes/pmahomme/img/b_tblanalyse.png HTTP/1.1" 200 152
::1 - - [29/May/2023:14:48:37 +0200] "GET /phpmyadmin/themes/pmahomme/img/b_table_add.png HTTP/1.1" 200 571
::1 - - [29/May/2023:14:48:37 +0200] "GET /phpmyadmin/js/database/structure.js?v=5.0.1 HTTP/1.1" 200 15943
::1 - - [29/May/2023:14:48:37 +0200] "GET /phpmyadmin/js/table/change.js?v=5.0.1 HTTP/1.1" 200 28579
::1 - - [29/May/2023:14:48:37 +0200] "GET /phpmyadmin/themes/pmahomme/img/arrow_ltr.png HTTP/1.1" 200 101
::1 - - [29/May/2023:14:48:37 +0200] "GET /phpmyadmin/navigation.php?ajax_request=1&aPath=cm9vdA%3D%3D.bXlkYg%3D%3D&vPath=cm9vdA%3D%3D.bXlkYg%3D%3D&pos=0&pos2_name=&pos2_value=&searchClause=&searchClause2=&_nocache=1685364517093765180&token=6c21746c6d545a5e7f73362a752b246b HTTP/1.1" 200 1876
::1 - - [29/May/2023:14:48:37 +0200] "GET /phpmyadmin/themes/pmahomme/img/b_minus.png HTTP/1.1" 200 123
::1 - - [29/May/2023:14:48:37 +0200] "GET /phpmyadmin/navigation.php?ajax_request=1&aPath=cm9vdA%3D%3D.bXlkYg%3D%3D.dGFibGVz&vPath=cm9vdA%3D%3D.bXlkYg%3D%3D.VGFibGVz&pos=0&pos2_name=tables&pos2_value=0&searchClause=&searchClause2=&_nocache=1685364517241663623&token=6c21746c6d545a5e7f73362a752b246b HTTP/1.1" 200 2046
::1 - - [29/May/2023:14:48:38 +0200] "GET /phpmyadmin/sql.php?db=mydb&table=prisotnost&pos=0&ajax_request=true&ajax_page_request=true&_nocache=1685364518745120626&token=6c21746c6d545a5e7f73362a752b246b HTTP/1.1" 200 11105
::1 - - [29/May/2023:14:48:38 +0200] "GET /phpmyadmin/themes/pmahomme/img/s_tbl.png HTTP/1.1" 200 645
::1 - - [29/May/2023:14:48:38 +0200] "GET /phpmyadmin/themes/pmahomme/img/b_tblimport.png HTTP/1.1" 200 556
::1 - - [29/May/2023:14:48:38 +0200] "GET /phpmyadmin/themes/pmahomme/img/b_tblexport.png HTTP/1.1" 200 514
::1 - - [29/May/2023:14:48:38 +0200] "GET /phpmyadmin/themes/pmahomme/img/s_success.png HTTP/1.1" 200 465
::1 - - [29/May/2023:14:48:38 +0200] "GET /phpmyadmin/themes/pmahomme/img/b_edit.png HTTP/1.1" 200 377
::1 - - [29/May/2023:14:48:38 +0200] "GET /phpmyadmin/themes/pmahomme/img/b_chart.png HTTP/1.1" 200 449
::1 - - [29/May/2023:14:48:38 +0200] "GET /phpmyadmin/themes/pmahomme/img/b_view_add.png HTTP/1.1" 200 678
::1 - - [29/May/2023:14:48:38 +0200] "GET /phpmyadmin/js/multi_column_sort.js?v=5.0.1 HTTP/1.1" 200 3331
::1 - - [29/May/2023:14:48:38 +0200] "GET /phpmyadmin/js/makegrid.js?v=5.0.1 HTTP/1.1" 200 98272
::1 - - [29/May/2023:14:48:38 +0200] "GET /phpmyadmin/js/vendor/jquery/jquery.uitablefilter.js?v=5.0.1 HTTP/1.1" 200 3479
::1 - - [29/May/2023:14:48:38 +0200] "GET /phpmyadmin/js/gis_data_editor.js?v=5.0.1 HTTP/1.1" 200 15021
::1 - - [29/May/2023:14:48:38 +0200] "GET /phpmyadmin/js/sql.js?v=5.0.1 HTTP/1.1" 200 42174
::1 - - [29/May/2023:14:48:39 +0200] "GET /phpmyadmin/themes/pmahomme/img/s_fulltext.png HTTP/1.1" 200 176
::1 - - [29/May/2023:14:48:39 +0200] "GET /phpmyadmin/themes/pmahomme/img/col_pointer.png HTTP/1.1" 200 102
::1 - - [29/May/2023:14:48:39 +0200] "GET /phpmyadmin/themes/pmahomme/img/col_drop.png HTTP/1.1" 200 111
::1 - - [29/May/2023:14:48:38 +0200] "GET /phpmyadmin/index.php?ajax_request=1&recent_table=1&no_debug=true&_nocache=1685364518993648299&token=6c21746c6d545a5e7f73362a752b246b HTTP/1.1" 200 1465
::1 - - [29/May/2023:14:48:45 +0200] "GET /phpmyadmin/sql.php?server=1&db=mydb&table=oseba_has_dejavnost&pos=0&ajax_request=true&ajax_page_request=true&_nocache=1685364525916962095&token=6c21746c6d545a5e7f73362a752b246b HTTP/1.1" 200 11936
::1 - - [29/May/2023:14:48:46 +0200] "GET /phpmyadmin/index.php?ajax_request=1&recent_table=1&no_debug=true&_nocache=1685364526181764689&token=6c21746c6d545a5e7f73362a752b246b HTTP/1.1" 200 1483
::1 - - [29/May/2023:14:48:50 +0200] "GET /phpmyadmin/sql.php?server=1&db=mydb&table=prisotnost&pos=0&ajax_request=true&ajax_page_request=true&_nocache=1685364530902454500&token=6c21746c6d545a5e7f73362a752b246b HTTP/1.1" 200 11105
::1 - - [29/May/2023:14:48:51 +0200] "GET /phpmyadmin/index.php?ajax_request=1&recent_table=1&no_debug=true&_nocache=1685364531126621066&token=6c21746c6d545a5e7f73362a752b246b HTTP/1.1" 200 1483
::1 - - [29/May/2023:14:49:00 +0200] "GET /phpmyadmin/sql.php?server=1&db=mydb&table=oseba_has_dejavnost&pos=0&ajax_request=true&ajax_page_request=true&_nocache=1685364540492298559&token=6c21746c6d545a5e7f73362a752b246b HTTP/1.1" 200 11932
::1 - - [29/May/2023:14:49:00 +0200] "GET /phpmyadmin/index.php?ajax_request=1&recent_table=1&no_debug=true&_nocache=1685364540723254705&token=6c21746c6d545a5e7f73362a752b246b HTTP/1.1" 200 1483
::1 - - [29/May/2023:14:49:08 +0200] "GET /phpmyadmin/sql.php?server=1&db=mydb&table=prisotnost&pos=0&ajax_request=true&ajax_page_request=true&_nocache=1685364548870828498&token=6c21746c6d545a5e7f73362a752b246b HTTP/1.1" 200 11105
::1 - - [29/May/2023:14:49:09 +0200] "GET /phpmyadmin/index.php?ajax_request=1&recent_table=1&no_debug=true&_nocache=1685364549097454083&token=6c21746c6d545a5e7f73362a752b246b HTTP/1.1" 200 1483
::1 - - [29/May/2023:14:49:14 +0200] "GET /phpmyadmin/sql.php?server=1&db=mydb&table=oseba_has_dejavnost&pos=0&ajax_request=true&ajax_page_request=true&_nocache=1685364554622724257&token=6c21746c6d545a5e7f73362a752b246b HTTP/1.1" 200 11936
::1 - - [29/May/2023:14:49:14 +0200] "GET /phpmyadmin/index.php?ajax_request=1&recent_table=1&no_debug=true&_nocache=1685364554855557183&token=6c21746c6d545a5e7f73362a752b246b HTTP/1.1" 200 1483
::1 - - [29/May/2023:14:49:37 +0200] "GET /phpmyadmin/sql.php?server=1&db=mydb&table=prisotnost&pos=0&ajax_request=true&ajax_page_request=true&_nocache=1685364577790331419&token=6c21746c6d545a5e7f73362a752b246b HTTP/1.1" 200 11104
::1 - - [29/May/2023:14:49:38 +0200] "GET /phpmyadmin/index.php?ajax_request=1&recent_table=1&no_debug=true&_nocache=1685364578024579732&token=6c21746c6d545a5e7f73362a752b246b HTTP/1.1" 200 1483
